    INFO › bot › Bot iniciado ✅
    INFO › httpx › HTTP Request: POST https://api.telegram.org/bot7884563281:AAERtUk7gIE-wqCHmCuKqlsL0ujA3GEhPjM/getMe "HTTP/1.1 200 OK"
    INFO › httpx › HTTP Request: POST https://api.telegram.org/bot7884563281:AAERtUk7gIE-wqCHmCuKqlsL0ujA3GEhPjM/deleteWebhook "HTTP/1.1 200 OK"
    INFO › apscheduler.scheduler › Scheduler started
    INFO › telegram.ext.Application › Application started
    INFO › httpx › HTTP Request: POST https://api.telegram.org/bot7884563281:AAERtUk7gIE-wqCHmCuKqlsL0ujA3GEhPjM/getUpdates "HTTP/1.1 200 OK"
    INFO › httpx › HTTP Request: POST https://api.telegram.org/bot7884563281:AAERtUk7gIE-wqCHmCuKqlsL0ujA3GEhPjM/sendMessage "HTTP/1.1 400 Bad Request"
   ERROR › bot › Error en /help: Can't parse entities: character '>' is reserved and must be escaped with the preceding '\'
    INFO › httpx › HTTP Request: POST https://api.telegram.org/bot7884563281:AAERtUk7gIE-wqCHmCuKqlsL0ujA3GEhPjM/sendMessage "HTTP/1.1 200 OK"
    INFO › httpx › HTTP Request: POST https://api.telegram.org/bot7884563281:AAERtUk7gIE-wqCHmCuKqlsL0ujA3GEhPjM/getUpdates "HTTP/1.1 200 OK"
    INFO › httpx › HTTP Request: POST https://api.telegram.org/bot7884563281:AAERtUk7gIE-wqCHmCuKqlsL0ujA3GEhPjM/getUpdates "HTTP/1.1 200 OK"
    INFO › httpx › HTTP Request: POST https://api.telegram.org/bot7884563281:AAERtUk7gIE-wqCHmCuKqlsL0ujA3GEhPjM/getUpdates "HTTP/1.1 200 OK"
    INFO › httpx › HTTP Request: POST https://api.telegram.org/bot7884563281:AAERtUk7gIE-wqCHmCuKqlsL0ujA3GEhPjM/getUpdates "HTTP/1.1 200 OK"
    INFO › httpx › HTTP Request: POST https://api.telegram.org/bot7884563281:AAERtUk7gIE-wqCHmCuKqlsL0ujA3GEhPjM/getUpdates "HTTP/1.1 200 OK"
    INFO › httpx › HTTP Request: POST https://api.telegram.org/bot7884563281:AAERtUk7gIE-wqCHmCuKqlsL0ujA3GEhPjM/getUpdates "HTTP/1.1 200 OK"
    INFO › httpx › HTTP Request: POST https://api.telegram.org/bot7884563281:AAERtUk7gIE-wqCHmCuKqlsL0ujA3GEhPjM/getUpdates "HTTP/1.1 200 OK"
    INFO › httpx › HTTP Request: POST https://api.telegram.org/bot7884563281:AAERtUk7gIE-wqCHmCuKqlsL0ujA3GEhPjM/getUpdates "HTTP/1.1 200 OK"
    INFO › httpx › HTTP Request: POST https://api.telegram.org/bot7884563281:AAERtUk7gIE-wqCHmCuKqlsL0ujA3GEhPjM/getUpdates "HTTP/1.1 200 OK"
    INFO › httpx › HTTP Request: POST https://api.telegram.org/bot7884563281:AAERtUk7gIE-wqCHmCuKqlsL0ujA3GEhPjM/getUpdates "HTTP/1.1 200 OK"
    INFO › httpx › HTTP Request: POST https://api.telegram.org/bot7884563281:AAERtUk7gIE-wqCHmCuKqlsL0ujA3GEhPjM/getUpdates "HTTP/1.1 200 OK"
    INFO › httpx › HTTP Request: POST https://api.telegram.org/bot7884563281:AAERtUk7gIE-wqCHmCuKqlsL0ujA3GEhPjM/getUpdates "HTTP/1.1 200 OK"
    INFO › httpx › HTTP Request: POST https://api.telegram.org/bot7884563281:AAERtUk7gIE-wqCHmCuKqlsL0ujA3GEhPjM/getUpdates "HTTP/1.1 200 OK"
    INFO › httpx › HTTP Request: POST https://api.telegram.org/bot7884563281:AAERtUk7gIE-wqCHmCuKqlsL0ujA3GEhPjM/getUpdates "HTTP/1.1 200 OK"
    INFO › httpx › HTTP Request: POST https://api.telegram.org/bot7884563281:AAERtUk7gIE-wqCHmCuKqlsL0ujA3GEhPjM/getUpdates "HTTP/1.1 200 OK"
    INFO › httpx › HTTP Request: POST https://api.telegram.org/bot7884563281:AAERtUk7gIE-wqCHmCuKqlsL0ujA3GEhPjM/getUpdates "HTTP/1.1 200 OK"
    INFO › httpx › HTTP Request: POST https://api.telegram.org/bot7884563281:AAERtUk7gIE-wqCHmCuKqlsL0ujA3GEhPjM/getUpdates "HTTP/1.1 200 OK"
    INFO › httpx › HTTP Request: POST https://api.telegram.org/bot7884563281:AAERtUk7gIE-wqCHmCuKqlsL0ujA3GEhPjM/getUpdates "HTTP/1.1 200 OK"
    INFO › httpx › HTTP Request: POST https://api.telegram.org/bot7884563281:AAERtUk7gIE-wqCHmCuKqlsL0ujA3GEhPjM/getUpdates "HTTP/1.1 200 OK"
    INFO › httpx › HTTP Request: POST https://api.telegram.org/bot7884563281:AAERtUk7gIE-wqCHmCuKqlsL0ujA3GEhPjM/getUpdates "HTTP/1.1 200 OK"
    INFO › httpx › HTTP Request: POST https://api.telegram.org/bot7884563281:AAERtUk7gIE-wqCHmCuKqlsL0ujA3GEhPjM/getUpdates "HTTP/1.1 200 OK"
    INFO › httpx › HTTP Request: POST https://api.telegram.org/bot7884563281:AAERtUk7gIE-wqCHmCuKqlsL0ujA3GEhPjM/getUpdates "HTTP/1.1 200 OK"
    INFO › httpx › HTTP Request: POST https://api.telegram.org/bot7884563281:AAERtUk7gIE-wqCHmCuKqlsL0ujA3GEhPjM/getUpdates "HTTP/1.1 200 OK"
    INFO › httpx › HTTP Request: POST https://api.telegram.org/bot7884563281:AAERtUk7gIE-wqCHmCuKqlsL0ujA3GEhPjM/getUpdates "HTTP/1.1 200 OK"
    INFO › httpx › HTTP Request: POST https://api.telegram.org/bot7884563281:AAERtUk7gIE-wqCHmCuKqlsL0ujA3GEhPjM/getUpdates "HTTP/1.1 200 OK"
    INFO › httpx › HTTP Request: POST https://api.telegram.org/bot7884563281:AAERtUk7gIE-wqCHmCuKqlsL0ujA3GEhPjM/getUpdates "HTTP/1.1 200 OK"
    INFO › httpx › HTTP Request: POST https://api.telegram.org/bot7884563281:AAERtUk7gIE-wqCHmCuKqlsL0ujA3GEhPjM/getUpdates "HTTP/1.1 200 OK"
    INFO › httpx › HTTP Request: POST https://api.telegram.org/bot7884563281:AAERtUk7gIE-wqCHmCuKqlsL0ujA3GEhPjM/getUpdates "HTTP/1.1 200 OK"
    INFO › httpx › HTTP Request: POST https://api.telegram.org/bot7884563281:AAERtUk7gIE-wqCHmCuKqlsL0ujA3GEhPjM/getUpdates "HTTP/1.1 200 OK"
    INFO › httpx › HTTP Request: POST https://api.telegram.org/bot7884563281:AAERtUk7gIE-wqCHmCuKqlsL0ujA3GEhPjM/getUpdates "HTTP/1.1 200 OK"
    INFO › httpx › HTTP Request: POST https://api.telegram.org/bot7884563281:AAERtUk7gIE-wqCHmCuKqlsL0ujA3GEhPjM/getUpdates "HTTP/1.1 200 OK"
    INFO › httpx › HTTP Request: POST https://api.telegram.org/bot7884563281:AAERtUk7gIE-wqCHmCuKqlsL0ujA3GEhPjM/getUpdates "HTTP/1.1 200 OK"
    INFO › httpx › HTTP Request: POST https://api.telegram.org/bot7884563281:AAERtUk7gIE-wqCHmCuKqlsL0ujA3GEhPjM/getUpdates "HTTP/1.1 200 OK"
    INFO › httpx › HTTP Request: POST https://api.telegram.org/bot7884563281:AAERtUk7gIE-wqCHmCuKqlsL0ujA3GEhPjM/getUpdates "HTTP/1.1 200 OK"
    INFO › httpx › HTTP Request: POST https://api.telegram.org/bot7884563281:AAERtUk7gIE-wqCHmCuKqlsL0ujA3GEhPjM/getUpdates "HTTP/1.1 200 OK"
    INFO › httpx › HTTP Request: POST https://api.telegram.org/bot7884563281:AAERtUk7gIE-wqCHmCuKqlsL0ujA3GEhPjM/getUpdates "HTTP/1.1 200 OK"
    INFO › httpx › HTTP Request: POST https://api.telegram.org/bot7884563281:AAERtUk7gIE-wqCHmCuKqlsL0ujA3GEhPjM/getUpdates "HTTP/1.1 200 OK"
    INFO › httpx › HTTP Request: POST https://api.telegram.org/bot7884563281:AAERtUk7gIE-wqCHmCuKqlsL0ujA3GEhPjM/getUpdates "HTTP/1.1 200 OK"
    INFO › httpx › HTTP Request: POST https://api.telegram.org/bot7884563281:AAERtUk7gIE-wqCHmCuKqlsL0ujA3GEhPjM/getUpdates "HTTP/1.1 200 OK"
    INFO › httpx › HTTP Request: POST https://api.telegram.org/bot7884563281:AAERtUk7gIE-wqCHmCuKqlsL0ujA3GEhPjM/getUpdates "HTTP/1.1 200 OK"
    INFO › httpx › HTTP Request: POST https://api.telegram.org/bot7884563281:AAERtUk7gIE-wqCHmCuKqlsL0ujA3GEhPjM/getUpdates "HTTP/1.1 200 OK"
    INFO › httpx › HTTP Request: POST https://api.telegram.org/bot7884563281:AAERtUk7gIE-wqCHmCuKqlsL0ujA3GEhPjM/getUpdates "HTTP/1.1 200 OK"
    INFO › httpx › HTTP Request: POST https://api.telegram.org/bot7884563281:AAERtUk7gIE-wqCHmCuKqlsL0ujA3GEhPjM/getUpdates "HTTP/1.1 200 OK"
    INFO › httpx › HTTP Request: POST https://api.telegram.org/bot7884563281:AAERtUk7gIE-wqCHmCuKqlsL0ujA3GEhPjM/getUpdates "HTTP/1.1 200 OK"
    INFO › httpx › HTTP Request: POST https://api.telegram.org/bot7884563281:AAERtUk7gIE-wqCHmCuKqlsL0ujA3GEhPjM/getUpdates "HTTP/1.1 200 OK"
    INFO › httpx › HTTP Request: POST https://api.telegram.org/bot7884563281:AAERtUk7gIE-wqCHmCuKqlsL0ujA3GEhPjM/getUpdates "HTTP/1.1 200 OK"
    INFO › httpx › HTTP Request: POST https://api.telegram.org/bot7884563281:AAERtUk7gIE-wqCHmCuKqlsL0ujA3GEhPjM/getUpdates "HTTP/1.1 200 OK"
    INFO › httpx › HTTP Request: POST https://api.telegram.org/bot7884563281:AAERtUk7gIE-wqCHmCuKqlsL0ujA3GEhPjM/getUpdates "HTTP/1.1 200 OK"
    INFO › httpx › HTTP Request: POST https://api.telegram.org/bot7884563281:AAERtUk7gIE-wqCHmCuKqlsL0ujA3GEhPjM/getUpdates "HTTP/1.1 200 OK"
    INFO › httpx › HTTP Request: POST https://api.telegram.org/bot7884563281:AAERtUk7gIE-wqCHmCuKqlsL0ujA3GEhPjM/getUpdates "HTTP/1.1 200 OK"
    INFO › httpx › HTTP Request: POST https://api.telegram.org/bot7884563281:AAERtUk7gIE-wqCHmCuKqlsL0ujA3GEhPjM/getUpdates "HTTP/1.1 200 OK"
    INFO › httpx › HTTP Request: POST https://api.telegram.org/bot7884563281:AAERtUk7gIE-wqCHmCuKqlsL0ujA3GEhPjM/getUpdates "HTTP/1.1 200 OK"
    INFO › httpx › HTTP Request: POST https://api.telegram.org/bot7884563281:AAERtUk7gIE-wqCHmCuKqlsL0ujA3GEhPjM/getUpdates "HTTP/1.1 200 OK"
    INFO › httpx › HTTP Request: POST https://api.telegram.org/bot7884563281:AAERtUk7gIE-wqCHmCuKqlsL0ujA3GEhPjM/getUpdates "HTTP/1.1 200 OK"
    INFO › httpx › HTTP Request: POST https://api.telegram.org/bot7884563281:AAERtUk7gIE-wqCHmCuKqlsL0ujA3GEhPjM/getUpdates "HTTP/1.1 200 OK"
    INFO › httpx › HTTP Request: POST https://api.telegram.org/bot7884563281:AAERtUk7gIE-wqCHmCuKqlsL0ujA3GEhPjM/getUpdates "HTTP/1.1 200 OK"
    INFO › httpx › HTTP Request: POST https://api.telegram.org/bot7884563281:AAERtUk7gIE-wqCHmCuKqlsL0ujA3GEhPjM/getUpdates "HTTP/1.1 200 OK"
    INFO › httpx › HTTP Request: POST https://api.telegram.org/bot7884563281:AAERtUk7gIE-wqCHmCuKqlsL0ujA3GEhPjM/getUpdates "HTTP/1.1 200 OK"
    INFO › httpx › HTTP Request: POST https://api.telegram.org/bot7884563281:AAERtUk7gIE-wqCHmCuKqlsL0ujA3GEhPjM/getUpdates "HTTP/1.1 200 OK"
    INFO › httpx › HTTP Request: POST https://api.telegram.org/bot7884563281:AAERtUk7gIE-wqCHmCuKqlsL0ujA3GEhPjM/getUpdates "HTTP/1.1 200 OK"
    INFO › httpx › HTTP Request: POST https://api.telegram.org/bot7884563281:AAERtUk7gIE-wqCHmCuKqlsL0ujA3GEhPjM/getUpdates "HTTP/1.1 200 OK"
    INFO › httpx › HTTP Request: POST https://api.telegram.org/bot7884563281:AAERtUk7gIE-wqCHmCuKqlsL0ujA3GEhPjM/getUpdates "HTTP/1.1 200 OK"
    INFO › httpx › HTTP Request: POST https://api.telegram.org/bot7884563281:AAERtUk7gIE-wqCHmCuKqlsL0ujA3GEhPjM/getUpdates "HTTP/1.1 200 OK"
    INFO › httpx › HTTP Request: POST https://api.telegram.org/bot7884563281:AAERtUk7gIE-wqCHmCuKqlsL0ujA3GEhPjM/getUpdates "HTTP/1.1 200 OK"
    INFO › httpx › HTTP Request: POST https://api.telegram.org/bot7884563281:AAERtUk7gIE-wqCHmCuKqlsL0ujA3GEhPjM/getUpdates "HTTP/1.1 200 OK"
    INFO › httpx › HTTP Request: POST https://api.telegram.org/bot7884563281:AAERtUk7gIE-wqCHmCuKqlsL0ujA3GEhPjM/getUpdates "HTTP/1.1 200 OK"
    INFO › httpx › HTTP Request: POST https://api.telegram.org/bot7884563281:AAERtUk7gIE-wqCHmCuKqlsL0ujA3GEhPjM/getUpdates "HTTP/1.1 200 OK"
    INFO › httpx › HTTP Request: POST https://api.telegram.org/bot7884563281:AAERtUk7gIE-wqCHmCuKqlsL0ujA3GEhPjM/getUpdates "HTTP/1.1 200 OK"
    INFO › httpx › HTTP Request: POST https://api.telegram.org/bot7884563281:AAERtUk7gIE-wqCHmCuKqlsL0ujA3GEhPjM/getUpdates "HTTP/1.1 200 OK"
    INFO › httpx › HTTP Request: POST https://api.telegram.org/bot7884563281:AAERtUk7gIE-wqCHmCuKqlsL0ujA3GEhPjM/getUpdates "HTTP/1.1 200 OK"
    INFO › httpx › HTTP Request: POST https://api.telegram.org/bot7884563281:AAERtUk7gIE-wqCHmCuKqlsL0ujA3GEhPjM/getUpdates "HTTP/1.1 200 OK"
    INFO › httpx › HTTP Request: POST https://api.telegram.org/bot7884563281:AAERtUk7gIE-wqCHmCuKqlsL0ujA3GEhPjM/getUpdates "HTTP/1.1 200 OK"
    INFO › httpx › HTTP Request: POST https://api.telegram.org/bot7884563281:AAERtUk7gIE-wqCHmCuKqlsL0ujA3GEhPjM/getUpdates "HTTP/1.1 200 OK"
    INFO › httpx › HTTP Request: POST https://api.telegram.org/bot7884563281:AAERtUk7gIE-wqCHmCuKqlsL0ujA3GEhPjM/getUpdates "HTTP/1.1 200 OK"
    INFO › httpx › HTTP Request: POST https://api.telegram.org/bot7884563281:AAERtUk7gIE-wqCHmCuKqlsL0ujA3GEhPjM/getUpdates "HTTP/1.1 200 OK"
    INFO › httpx › HTTP Request: POST https://api.telegram.org/bot7884563281:AAERtUk7gIE-wqCHmCuKqlsL0ujA3GEhPjM/getUpdates "HTTP/1.1 200 OK"
    INFO › httpx › HTTP Request: POST https://api.telegram.org/bot7884563281:AAERtUk7gIE-wqCHmCuKqlsL0ujA3GEhPjM/getUpdates "HTTP/1.1 200 OK"
    INFO › httpx › HTTP Request: POST https://api.telegram.org/bot7884563281:AAERtUk7gIE-wqCHmCuKqlsL0ujA3GEhPjM/getUpdates "HTTP/1.1 200 OK"
    INFO › httpx › HTTP Request: POST https://api.telegram.org/bot7884563281:AAERtUk7gIE-wqCHmCuKqlsL0ujA3GEhPjM/getUpdates "HTTP/1.1 200 OK"
    INFO › httpx › HTTP Request: POST https://api.telegram.org/bot7884563281:AAERtUk7gIE-wqCHmCuKqlsL0ujA3GEhPjM/getUpdates "HTTP/1.1 200 OK"
    INFO › httpx › HTTP Request: POST https://api.telegram.org/bot7884563281:AAERtUk7gIE-wqCHmCuKqlsL0ujA3GEhPjM/getUpdates "HTTP/1.1 200 OK"
    INFO › httpx › HTTP Request: POST https://api.telegram.org/bot7884563281:AAERtUk7gIE-wqCHmCuKqlsL0ujA3GEhPjM/getUpdates "HTTP/1.1 200 OK"
    INFO › httpx › HTTP Request: POST https://api.telegram.org/bot7884563281:AAERtUk7gIE-wqCHmCuKqlsL0ujA3GEhPjM/getUpdates "HTTP/1.1 200 OK"
    INFO › httpx › HTTP Request: POST https://api.telegram.org/bot7884563281:AAERtUk7gIE-wqCHmCuKqlsL0ujA3GEhPjM/getUpdates "HTTP/1.1 200 OK"
    INFO › httpx › HTTP Request: POST https://api.telegram.org/bot7884563281:AAERtUk7gIE-wqCHmCuKqlsL0ujA3GEhPjM/getUpdates "HTTP/1.1 200 OK"
    INFO › httpx › HTTP Request: POST https://api.telegram.org/bot7884563281:AAERtUk7gIE-wqCHmCuKqlsL0ujA3GEhPjM/getUpdates "HTTP/1.1 200 OK"
